<?xml version="1.0" encoding="utf-8"?><testsuites name="pytest tests"><testsuite name="pytest" errors="0" failures="0" skipped="0" tests="22" time="8.080" timestamp="2026-06-04T21:24:05.810326+00:00" hostname="agent-env-bf54d080-2917-4683-a518-2dfdba3391e2"><testcase classname="backend.tests.test_dynasty8" name="test_root" time="0.341" /><testcase classname="backend.tests.test_dynasty8" name="test_price_matrix" time="0.177" /><testcase classname="backend.tests.test_dynasty8" name="test_price_calculator_27810" time="0.146" /><testcase classname="backend.tests.test_dynasty8" name="test_auth_session_required" time="0.170" /><testcase classname="backend.tests.test_dynasty8" name="test_auth_me_requires_token" time="0.140" /><testcase classname="backend.tests.test_dynasty8" name="test_auth_me_admin" time="0.161" /><testcase classname="backend.tests.test_dynasty8" name="test_auth_me_ansatt" time="0.151" /><testcase classname="backend.tests.test_dynasty8" name="test_create_sale_as_ansatt" time="0.281" /><testcase classname="backend.tests.test_dynasty8" name="test_ansatt_cannot_update" time="0.171" /><testcase classname="backend.tests.test_dynasty8" name="test_ansatt_cannot_delete" time="0.173" /><testcase classname="backend.tests.test_dynasty8" name="test_admin_can_update_recalculates" time="0.166" /><testcase classname="backend.tests.test_dynasty8" name="test_list_sales_mine_ansatt" time="0.182" /><testcase classname="backend.tests.test_dynasty8" name="test_list_sales_admin_all_and_filter" time="0.366" /><testcase classname="backend.tests.test_dynasty8" name="test_stats_dashboard_ansatt" time="0.162" /><testcase classname="backend.tests.test_dynasty8" name="test_stats_admin" time="0.759" /><testcase classname="backend.tests.test_dynasty8" name="test_stats_admin_forbidden_for_ansatt" time="0.593" /><testcase classname="backend.tests.test_dynasty8" name="test_users_admin_only" time="0.510" /><testcase classname="backend.tests.test_dynasty8" name="test_activity_log_admin" time="0.710" /><testcase classname="backend.tests.test_dynasty8" name="test_export_csv" time="0.503" /><testcase classname="backend.tests.test_dynasty8" name="test_export_xlsx" time="0.181" /><testcase classname="backend.tests.test_dynasty8" name="test_export_forbidden_for_ansatt" time="0.813" /><testcase classname="backend.tests.test_dynasty8" name="test_admin_delete" time="0.642" /></testsuite></testsuites>