<?xml version="1.0" encoding="utf-8"?><testsuites name="pytest tests"><testsuite name="pytest" errors="0" failures="0" skipped="0" tests="18" time="5.520" timestamp="2026-06-04T21:40:08.903617+00:00" hostname="agent-env-bf54d080-2917-4683-a518-2dfdba3391e2"><testcase classname="backend.tests.test_employees" name="test_ansatt_cannot_patch_user" time="0.599" /><testcase classname="backend.tests.test_employees" name="test_ansatt_cannot_revoke" time="0.207" /><testcase classname="backend.tests.test_employees" name="test_ansatt_cannot_delete" time="0.142" /><testcase classname="backend.tests.test_employees" name="test_admin_cannot_demote_self" time="0.348" /><testcase classname="backend.tests.test_employees" name="test_admin_cannot_deactivate_self" time="0.185" /><testcase classname="backend.tests.test_employees" name="test_admin_cannot_revoke_self" time="0.173" /><testcase classname="backend.tests.test_employees" name="test_admin_cannot_delete_self" time="0.155" /><testcase classname="backend.tests.test_employees" name="test_patch_updates_name_empnum_role_and_propagates_to_sales" time="0.348" /><testcase classname="backend.tests.test_employees" name="test_patch_invalid_role" time="0.198" /><testcase classname="backend.tests.test_employees" name="test_patch_no_fields" time="0.160" /><testcase classname="backend.tests.test_employees" name="test_patch_unknown_user" time="0.164" /><testcase classname="backend.tests.test_employees" name="test_deactivate_revokes_sessions_and_blocks_me" time="0.506" /><testcase classname="backend.tests.test_employees" name="test_deactivated_user_with_session_gets_403_and_session_wiped" time="0.156" /><testcase classname="backend.tests.test_employees" name="test_revoke_sessions" time="0.308" /><testcase classname="backend.tests.test_employees" name="test_revoke_unknown_user" time="0.155" /><testcase classname="backend.tests.test_employees" name="test_delete_user" time="0.224" /><testcase classname="backend.tests.test_employees" name="test_delete_unknown_user" time="0.153" /><testcase classname="backend.tests.test_employees" name="test_activity_log_records_user_actions" time="0.869" /></testsuite></testsuites>